2025-09-07T01:49:32.762+05:30  INFO 60206 --- [order-service] [main] [                                                 ] com.ecommerce.order.OrderApplication     : Starting OrderApplication using Java 21.0.7 with PID 60206 (/Users/SUSHANKM/Learning/Java/eCommerce-microservices/order/target/classes started by SUSHANKM in /Users/SUSHANKM/Learning/Java/eCommerce-microservices)
2025-09-07T01:49:32.767+05:30  INFO 60206 --- [order-service] [main] [                                                 ] com.ecommerce.order.OrderApplication     : No active profile set, falling back to 1 default profile: "default"
2025-09-07T01:49:32.785+05:30  INFO 60206 --- [order-service] [main] [                                                 ] o.s.c.c.c.ConfigServerConfigDataLoader   : Fetching config from server at : http://localhost:8888
2025-09-07T01:49:32.786+05:30  INFO 60206 --- [order-service] [main] [                                                 ] o.s.c.c.c.ConfigServerConfigDataLoader   : Located environment: name=order-service, profiles=[default], label=null, version=null, state=null
2025-09-07T01:49:33.317+05:30  INFO 60206 --- [order-service] [main] [                                                 ] .s.d.r.c.RepositoryConfigurationDelegate : Bootstrapping Spring Data JPA repositories in DEFAULT mode.
2025-09-07T01:49:33.374+05:30  INFO 60206 --- [order-service] [main] [                                                 ] .s.d.r.c.RepositoryConfigurationDelegate : Finished Spring Data repository scanning in 53 ms. Found 2 JPA repository interfaces.
2025-09-07T01:49:33.460+05:30  INFO 60206 --- [order-service] [main] [                                                 ] faultConfiguringBeanFactoryPostProcessor : No bean named 'errorChannel' has been explicitly defined. Therefore, a default PublishSubscribeChannel will be created.
2025-09-07T01:49:33.462+05:30  INFO 60206 --- [order-service] [main] [                                                 ] faultConfiguringBeanFactoryPostProcessor : No bean named 'integrationHeaderChannelRegistry' has been explicitly defined. Therefore, a default DefaultHeaderChannelRegistry will be created.
2025-09-07T01:49:33.558+05:30  INFO 60206 --- [order-service] [main] [                                                 ] o.s.cloud.context.scope.GenericScope     : BeanFactory id=11b70d63-5cb7-3570-a6b1-a621e07c9ccf
2025-09-07T01:49:33.936+05:30  INFO 60206 --- [order-service] [main] [                                                 ] o.s.b.w.embedded.tomcat.TomcatWebServer  : Tomcat initialized with port 8083 (http)
2025-09-07T01:49:33.942+05:30  INFO 60206 --- [order-service] [main] [                                                 ] o.apache.catalina.core.StandardService   : Starting service [Tomcat]
2025-09-07T01:49:33.943+05:30  INFO 60206 --- [order-service] [main] [                                                 ] o.apache.catalina.core.StandardEngine    : Starting Servlet engine: [Apache Tomcat/10.1.36]
2025-09-07T01:49:33.983+05:30  INFO 60206 --- [order-service] [main] [                                                 ] o.a.c.c.C.[Tomcat].[localhost].[/]       : Initializing Spring embedded WebApplicationContext
2025-09-07T01:49:33.983+05:30  INFO 60206 --- [order-service] [main] [                                                 ] w.s.c.ServletWebServerApplicationContext : Root WebApplicationContext: initialization completed in 1197 ms
2025-09-07T01:49:34.362+05:30  INFO 60206 --- [order-service] [main] [                                                 ] o.hibernate.jpa.internal.util.LogHelper  : HHH000204: Processing PersistenceUnitInfo [name: default]
2025-09-07T01:49:34.396+05:30  INFO 60206 --- [order-service] [main] [                                                 ] org.hibernate.Version                    : HHH000412: Hibernate ORM core version 6.6.8.Final
2025-09-07T01:49:34.414+05:30  INFO 60206 --- [order-service] [main] [                                                 ] o.h.c.internal.RegionFactoryInitiator    : HHH000026: Second-level cache disabled
2025-09-07T01:49:34.507+05:30  INFO 60206 --- [order-service] [main] [                                                 ] o.s.o.j.p.SpringPersistenceUnitInfo      : No LoadTimeWeaver setup: ignoring JPA class transformer
2025-09-07T01:49:34.521+05:30  INFO 60206 --- [order-service] [main] [                                                 ] com.zaxxer.hikari.HikariDataSource       : HikariPool-1 - Starting...
2025-09-07T01:49:34.704+05:30  INFO 60206 --- [order-service] [main] [                                                 ] com.zaxxer.hikari.pool.HikariPool        : HikariPool-1 - Added connection org.postgresql.jdbc.PgConnection@45bb502f
2025-09-07T01:49:34.705+05:30  INFO 60206 --- [order-service] [main] [                                                 ] com.zaxxer.hikari.HikariDataSource       : HikariPool-1 - Start completed.
2025-09-07T01:49:34.733+05:30  WARN 60206 --- [order-service] [main] [                                                 ] org.hibernate.orm.deprecation            : HHH90000025: PostgreSQLDialect does not need to be specified explicitly using 'hibernate.dialect' (remove the property setting and it will be selected by default)
2025-09-07T01:49:34.742+05:30  INFO 60206 --- [order-service] [main] [                                                 ] org.hibernate.orm.connections.pooling    : HHH10001005: Database info:
	Database JDBC URL [Connecting through datasource 'HikariDataSource (HikariPool-1)']
	Database driver: undefined/unknown
	Database version: 14.18
	Autocommit mode: undefined/unknown
	Isolation level: undefined/unknown
	Minimum pool size: undefined/unknown
	Maximum pool size: undefined/unknown
2025-09-07T01:49:35.110+05:30  INFO 60206 --- [order-service] [main] [                                                 ] o.h.e.t.j.p.i.JtaPlatformInitiator       : HHH000489: No JTA platform available (set 'hibernate.transaction.jta.platform' to enable JTA platform integration)
2025-09-07T01:49:35.165+05:30  INFO 60206 --- [order-service] [main] [                                                 ] j.LocalContainerEntityManagerFactoryBean : Initialized JPA EntityManagerFactory for persistence unit 'default'
2025-09-07T01:49:35.509+05:30  WARN 60206 --- [order-service] [main] [                                                 ] ConfigServletWebServerApplicationContext : Exception encountered during context initialization - cancelling refresh attempt: org.springframework.beans.factory.UnsatisfiedDependencyException: Error creating bean with name 'orderController' defined in file [/Users/SUSHANKM/Learning/Java/eCommerce-microservices/order/target/classes/com/ecommerce/order/controller/OrderController.class]: Unsatisfied dependency expressed through constructor parameter 0: Error creating bean with name 'orderService' defined in file [/Users/SUSHANKM/Learning/Java/eCommerce-microservices/order/target/classes/com/ecommerce/order/service/OrderService.class]: Unsatisfied dependency expressed through constructor parameter 2: Error creating bean with name 'rabbitTemplate' defined in class path resource [com/ecommerce/order/config/RabbitMQConfiguration.class]: Unsatisfied dependency expressed through method 'rabbitTemplate' parameter 0: Error creating bean with name 'org.springframework.boot.autoconfigure.amqp.RabbitAutoConfiguration$RabbitConnectionFactoryCreator': Unsatisfied dependency expressed through constructor parameter 0: Error creating bean with name 'spring.rabbitmq-org.springframework.boot.autoconfigure.amqp.RabbitProperties': Could not bind properties to 'RabbitProperties' : prefix=spring.rabbitmq, ignoreInvalidFields=false, ignoreUnknownFields=true
2025-09-07T01:49:35.510+05:30  INFO 60206 --- [order-service] [main] [                                                 ] j.LocalContainerEntityManagerFactoryBean : Closing JPA EntityManagerFactory for persistence unit 'default'
2025-09-07T01:49:35.511+05:30  INFO 60206 --- [order-service] [main] [                                                 ] com.zaxxer.hikari.HikariDataSource       : HikariPool-1 - Shutdown initiated...
2025-09-07T01:49:35.513+05:30  INFO 60206 --- [order-service] [main] [                                                 ] com.zaxxer.hikari.HikariDataSource       : HikariPool-1 - Shutdown completed.
2025-09-07T01:49:36.519+05:30  WARN 60206 --- [order-service] [main] [                                                 ] z.r.i.AsyncReporter$BoundedAsyncReporter : Timed out waiting for in-flight spans to send
2025-09-07T01:49:36.523+05:30  INFO 60206 --- [order-service] [main] [                                                 ] o.apache.catalina.core.StandardService   : Stopping service [Tomcat]
2025-09-07T01:49:36.547+05:30  INFO 60206 --- [order-service] [main] [                                                 ] .s.b.a.l.ConditionEvaluationReportLogger : 

Error starting ApplicationContext. To display the condition evaluation report re-run your application with 'debug' enabled.
2025-09-07T01:49:36.556+05:30 ERROR 60206 --- [order-service] [main] [                                                 ] o.s.b.d.LoggingFailureAnalysisReporter   : 

***************************
APPLICATION FAILED TO START
***************************

Description:

Failed to bind properties under 'spring.rabbitmq.connection-timeout' to java.time.Duration:

    Property: spring.rabbitmq.connection-timeout
    Value: "${RABBITMQ_CONN_TIMEOUT}"
    Origin: Config Server file:/Users/SUSHANKM/Learning/Java/eCommerce-microservices/config-server/src/main/resources/config/order-service.properties:38:36
    Reason: failed to convert java.lang.String to java.time.Duration (caused by java.lang.IllegalArgumentException: '${RABBITMQ_CONN_TIMEOUT}' is not a valid duration)

Action:

Update your application's configuration

2025-09-07T01:50:16.680+05:30  INFO 60556 --- [order-service] [main] [                                                 ] com.ecommerce.order.OrderApplication     : Starting OrderApplication using Java 21.0.7 with PID 60556 (/Users/SUSHANKM/Learning/Java/eCommerce-microservices/order/target/classes started by SUSHANKM in /Users/SUSHANKM/Learning/Java/eCommerce-microservices)
2025-09-07T01:50:16.683+05:30  INFO 60556 --- [order-service] [main] [                                                 ] com.ecommerce.order.OrderApplication     : No active profile set, falling back to 1 default profile: "default"
2025-09-07T01:50:16.697+05:30  INFO 60556 --- [order-service] [main] [                                                 ] o.s.c.c.c.ConfigServerConfigDataLoader   : Fetching config from server at : http://localhost:8888
2025-09-07T01:50:16.698+05:30  INFO 60556 --- [order-service] [main] [                                                 ] o.s.c.c.c.ConfigServerConfigDataLoader   : Located environment: name=order-service, profiles=[default], label=null, version=null, state=null
2025-09-07T01:50:17.230+05:30  INFO 60556 --- [order-service] [main] [                                                 ] .s.d.r.c.RepositoryConfigurationDelegate : Bootstrapping Spring Data JPA repositories in DEFAULT mode.
2025-09-07T01:50:17.293+05:30  INFO 60556 --- [order-service] [main] [                                                 ] .s.d.r.c.RepositoryConfigurationDelegate : Finished Spring Data repository scanning in 59 ms. Found 2 JPA repository interfaces.
2025-09-07T01:50:17.385+05:30  INFO 60556 --- [order-service] [main] [                                                 ] faultConfiguringBeanFactoryPostProcessor : No bean named 'errorChannel' has been explicitly defined. Therefore, a default PublishSubscribeChannel will be created.
2025-09-07T01:50:17.388+05:30  INFO 60556 --- [order-service] [main] [                                                 ] faultConfiguringBeanFactoryPostProcessor : No bean named 'integrationHeaderChannelRegistry' has been explicitly defined. Therefore, a default DefaultHeaderChannelRegistry will be created.
2025-09-07T01:50:17.484+05:30  INFO 60556 --- [order-service] [main] [                                                 ] o.s.cloud.context.scope.GenericScope     : BeanFactory id=11b70d63-5cb7-3570-a6b1-a621e07c9ccf
2025-09-07T01:50:17.878+05:30  INFO 60556 --- [order-service] [main] [                                                 ] o.s.b.w.embedded.tomcat.TomcatWebServer  : Tomcat initialized with port 8083 (http)
2025-09-07T01:50:17.885+05:30  INFO 60556 --- [order-service] [main] [                                                 ] o.apache.catalina.core.StandardService   : Starting service [Tomcat]
2025-09-07T01:50:17.885+05:30  INFO 60556 --- [order-service] [main] [                                                 ] o.apache.catalina.core.StandardEngine    : Starting Servlet engine: [Apache Tomcat/10.1.36]
2025-09-07T01:50:17.916+05:30  INFO 60556 --- [order-service] [main] [                                                 ] o.a.c.c.C.[Tomcat].[localhost].[/]       : Initializing Spring embedded WebApplicationContext
2025-09-07T01:50:17.916+05:30  INFO 60556 --- [order-service] [main] [                                                 ] w.s.c.ServletWebServerApplicationContext : Root WebApplicationContext: initialization completed in 1218 ms
2025-09-07T01:50:18.357+05:30  INFO 60556 --- [order-service] [main] [                                                 ] o.hibernate.jpa.internal.util.LogHelper  : HHH000204: Processing PersistenceUnitInfo [name: default]
2025-09-07T01:50:18.379+05:30  INFO 60556 --- [order-service] [main] [                                                 ] org.hibernate.Version                    : HHH000412: Hibernate ORM core version 6.6.8.Final
2025-09-07T01:50:18.391+05:30  INFO 60556 --- [order-service] [main] [                                                 ] o.h.c.internal.RegionFactoryInitiator    : HHH000026: Second-level cache disabled
2025-09-07T01:50:18.495+05:30  INFO 60556 --- [order-service] [main] [                                                 ] o.s.o.j.p.SpringPersistenceUnitInfo      : No LoadTimeWeaver setup: ignoring JPA class transformer
2025-09-07T01:50:18.505+05:30  INFO 60556 --- [order-service] [main] [                                                 ] com.zaxxer.hikari.HikariDataSource       : HikariPool-1 - Starting...
2025-09-07T01:50:18.696+05:30  INFO 60556 --- [order-service] [main] [                                                 ] com.zaxxer.hikari.pool.HikariPool        : HikariPool-1 - Added connection org.postgresql.jdbc.PgConnection@41dbf02b
2025-09-07T01:50:18.696+05:30  INFO 60556 --- [order-service] [main] [                                                 ] com.zaxxer.hikari.HikariDataSource       : HikariPool-1 - Start completed.
2025-09-07T01:50:18.715+05:30  WARN 60556 --- [order-service] [main] [                                                 ] org.hibernate.orm.deprecation            : HHH90000025: PostgreSQLDialect does not need to be specified explicitly using 'hibernate.dialect' (remove the property setting and it will be selected by default)
2025-09-07T01:50:18.723+05:30  INFO 60556 --- [order-service] [main] [                                                 ] org.hibernate.orm.connections.pooling    : HHH10001005: Database info:
	Database JDBC URL [Connecting through datasource 'HikariDataSource (HikariPool-1)']
	Database driver: undefined/unknown
	Database version: 14.18
	Autocommit mode: undefined/unknown
	Isolation level: undefined/unknown
	Minimum pool size: undefined/unknown
	Maximum pool size: undefined/unknown
2025-09-07T01:50:19.109+05:30  INFO 60556 --- [order-service] [main] [                                                 ] o.h.e.t.j.p.i.JtaPlatformInitiator       : HHH000489: No JTA platform available (set 'hibernate.transaction.jta.platform' to enable JTA platform integration)
2025-09-07T01:50:19.167+05:30  INFO 60556 --- [order-service] [main] [                                                 ] j.LocalContainerEntityManagerFactoryBean : Initialized JPA EntityManagerFactory for persistence unit 'default'
2025-09-07T01:50:19.752+05:30  WARN 60556 --- [order-service] [main] [                                                 ] JpaBaseConfiguration$JpaWebConfiguration : spring.jpa.open-in-view is enabled by default. Therefore, database queries may be performed during view rendering. Explicitly configure spring.jpa.open-in-view to disable this warning
2025-09-07T01:50:20.363+05:30  INFO 60556 --- [order-service] [main] [                                                 ] o.s.c.s.m.DirectWithAttributesChannel    : Channel 'order-service.springCloudBusInput' has 1 subscriber(s).
2025-09-07T01:50:20.533+05:30  INFO 60556 --- [order-service] [main] [                                                 ] DiscoveryClientOptionalArgsConfiguration : Eureka HTTP Client uses RestTemplate.
2025-09-07T01:50:20.576+05:30  WARN 60556 --- [order-service] [main] [                                                 ] iguration$LoadBalancerCaffeineWarnLogger : Spring Cloud LoadBalancer is currently working with the default cache. While this cache implementation is useful for development and tests, it's recommended to use Caffeine cache in production.You can switch to using Caffeine cache, by adding it and org.springframework.cache.caffeine.CaffeineCacheManager to the classpath.
2025-09-07T01:50:20.584+05:30  INFO 60556 --- [order-service] [main] [                                                 ] o.s.b.a.e.web.EndpointLinksResolver      : Exposing 37 endpoints beneath base path '/actuator'
2025-09-07T01:50:20.673+05:30  INFO 60556 --- [order-service] [main] [                                                 ] o.s.i.endpoint.EventDrivenConsumer       : Adding {logging-channel-adapter:_org.springframework.integration.errorLogger} as a subscriber to the 'errorChannel' channel
2025-09-07T01:50:20.673+05:30  INFO 60556 --- [order-service] [main] [                                                 ] o.s.i.channel.PublishSubscribeChannel    : Channel 'order-service.errorChannel' has 1 subscriber(s).
2025-09-07T01:50:20.674+05:30  INFO 60556 --- [order-service] [main] [                                                 ] o.s.i.endpoint.EventDrivenConsumer       : started bean '_org.springframework.integration.errorLogger'
2025-09-07T01:50:20.685+05:30  INFO 60556 --- [order-service] [main] [                                                 ] o.s.c.n.eureka.InstanceInfoFactory       : Setting initial instance status as: STARTING
2025-09-07T01:50:20.696+05:30  INFO 60556 --- [order-service] [main] [                                                 ] com.netflix.discovery.DiscoveryClient    : Initializing Eureka in region us-east-1
2025-09-07T01:50:20.698+05:30  INFO 60556 --- [order-service] [main] [                                                 ] c.n.d.s.r.aws.ConfigClusterResolver      : Resolving eureka endpoints via configuration
2025-09-07T01:50:20.701+05:30  INFO 60556 --- [order-service] [main] [                                                 ] com.netflix.discovery.DiscoveryClient    : Disable delta property : false
2025-09-07T01:50:20.701+05:30  INFO 60556 --- [order-service] [main] [                                                 ] com.netflix.discovery.DiscoveryClient    : Single vip registry refresh property : null
2025-09-07T01:50:20.701+05:30  INFO 60556 --- [order-service] [main] [                                                 ] com.netflix.discovery.DiscoveryClient    : Force full registry fetch : false
2025-09-07T01:50:20.701+05:30  INFO 60556 --- [order-service] [main] [                                                 ] com.netflix.discovery.DiscoveryClient    : Application is null : false
2025-09-07T01:50:20.701+05:30  INFO 60556 --- [order-service] [main] [                                                 ] com.netflix.discovery.DiscoveryClient    : Registered Applications size is zero : true
2025-09-07T01:50:20.701+05:30  INFO 60556 --- [order-service] [main] [                                                 ] com.netflix.discovery.DiscoveryClient    : Application version is -1: true
2025-09-07T01:50:20.701+05:30  INFO 60556 --- [order-service] [main] [                                                 ] com.netflix.discovery.DiscoveryClient    : Getting all instance registry info from the eureka server
2025-09-07T01:50:20.779+05:30  INFO 60556 --- [order-service] [main] [                                                 ] com.netflix.discovery.DiscoveryClient    : The response status is 200
2025-09-07T01:50:20.780+05:30  INFO 60556 --- [order-service] [main] [                                                 ] com.netflix.discovery.DiscoveryClient    : Starting heartbeat executor: renew interval is: 30
2025-09-07T01:50:20.781+05:30  INFO 60556 --- [order-service] [main] [                                                 ] c.n.discovery.InstanceInfoReplicator     : InstanceInfoReplicator onDemand update allowed rate per min is 4
2025-09-07T01:50:20.781+05:30  INFO 60556 --- [order-service] [main] [                                                 ] com.netflix.discovery.DiscoveryClient    : Discovery Client initialized at timestamp 1757190020781 with initial instances count: 3
2025-09-07T01:50:20.788+05:30  INFO 60556 --- [order-service] [main] [                                                 ] o.s.c.n.e.s.EurekaServiceRegistry        : Registering application ORDER-SERVICE with eureka with status UP
2025-09-07T01:50:20.789+05:30  INFO 60556 --- [order-service] [main] [                                                 ] com.netflix.discovery.DiscoveryClient    : Saw local status change event StatusChangeEvent [timestamp=1757190020789, current=UP, previous=STARTING]
2025-09-07T01:50:20.790+05:30  INFO 60556 --- [order-service] [DiscoveryClient-InstanceInfoReplicator-%d] [                                                 ] com.netflix.discovery.DiscoveryClient    : DiscoveryClient_ORDER-SERVICE/192.168.1.161:order-service:8083: registering service...
2025-09-07T01:50:20.804+05:30  INFO 60556 --- [order-service] [main] [                                                 ] o.s.b.w.embedded.tomcat.TomcatWebServer  : Tomcat started on port 8083 (http) with context path '/'
2025-09-07T01:50:20.806+05:30  INFO 60556 --- [order-service] [main] [                                                 ] .s.c.n.e.s.EurekaAutoServiceRegistration : Updating port to 8083
2025-09-07T01:50:20.810+05:30  INFO 60556 --- [order-service] [main] [                                                 ] o.s.c.s.binder.DefaultBinderFactory      : Creating binder: rabbit
2025-09-07T01:50:20.810+05:30  INFO 60556 --- [order-service] [main] [                                                 ] o.s.c.s.binder.DefaultBinderFactory      : Constructing binder child context for rabbit
2025-09-07T01:50:20.815+05:30  INFO 60556 --- [order-service] [DiscoveryClient-InstanceInfoReplicator-%d] [                                                 ] com.netflix.discovery.DiscoveryClient    : DiscoveryClient_ORDER-SERVICE/192.168.1.161:order-service:8083 - registration status: 204
2025-09-07T01:50:20.865+05:30  INFO 60556 --- [order-service] [main] [                                                 ] o.s.c.s.binder.DefaultBinderFactory      : Caching the binder: rabbit
2025-09-07T01:50:20.886+05:30  INFO 60556 --- [order-service] [main] [                                                 ] c.s.b.r.p.RabbitExchangeQueueProvisioner : declaring queue for inbound: springCloudBus.anonymous.G_4az20ZQiiAS3TUQjf66g, bound to: springCloudBus
2025-09-07T01:50:20.887+05:30  INFO 60556 --- [order-service] [main] [                                                 ] o.s.a.r.c.CachingConnectionFactory       : Attempting to connect to: [localhost:5672]
2025-09-07T01:50:20.911+05:30  INFO 60556 --- [order-service] [main] [                                                 ] o.s.a.r.c.CachingConnectionFactory       : Created new connection: rabbitConnectionFactory#515a3572:0/SimpleConnection@5b938615 [delegate=amqp://guest@127.0.0.1:5672/, localPort=57452]
2025-09-07T01:50:20.962+05:30  INFO 60556 --- [order-service] [main] [                                                 ] o.s.c.stream.binder.BinderErrorChannel   : Channel 'rabbit-499946123.springCloudBusInput.errors' has 1 subscriber(s).
2025-09-07T01:50:20.962+05:30  INFO 60556 --- [order-service] [main] [                                                 ] o.s.c.stream.binder.BinderErrorChannel   : Channel 'rabbit-499946123.springCloudBusInput.errors' has 2 subscriber(s).
2025-09-07T01:50:20.971+05:30  INFO 60556 --- [order-service] [main] [                                                 ] o.s.i.a.i.AmqpInboundChannelAdapter      : started bean 'inbound.springCloudBus.anonymous.G_4az20ZQiiAS3TUQjf66g'
2025-09-07T01:50:21.023+05:30  INFO 60556 --- [order-service] [main] [                                                 ] com.ecommerce.order.OrderApplication     : Started OrderApplication in 4.812 seconds (process running for 5.177)
2025-09-07T01:50:21.867+05:30 ERROR 60556 --- [order-service] [AsyncReporter{ZipkinWebClientSender{http://localhost:9411/api/v2/spans}}] [                                                 ] i.n.r.d.DnsServerAddressStreamProviders  : Unable to load io.netty.resolver.dns.macos.MacOSDnsServerAddressStreamProvider, fallback to system defaults. This may result in incorrect DNS resolutions on MacOS. Check whether you have a dependency on 'io.netty:netty-resolver-dns-native-macos'. Use DEBUG level to see the full stack: java.lang.UnsatisfiedLinkError: failed to load the required native library
2025-09-07T01:55:20.706+05:30  INFO 60556 --- [order-service] [AsyncResolver-bootstrap-executor-%d] [                                                 ] c.n.d.s.r.aws.ConfigClusterResolver      : Resolving eureka endpoints via configuration
2025-09-07T02:00:20.710+05:30  INFO 60556 --- [order-service] [AsyncResolver-bootstrap-executor-%d] [                                                 ] c.n.d.s.r.aws.ConfigClusterResolver      : Resolving eureka endpoints via configuration
2025-09-07T02:05:20.697+05:30  INFO 60556 --- [order-service] [AsyncResolver-bootstrap-executor-%d] [                                                 ] c.n.d.s.r.aws.ConfigClusterResolver      : Resolving eureka endpoints via configuration
